2018-02-22 10:09:48,953 [// - ?] INFO  [org.nutz.mvc.NutFilter] -NutFilter[org.nutz.mvc.NutFilter-3567135c] starting ...
2018-02-22 10:09:48,996 [// - ?] INFO  [org.nutz.mvc.impl.NutLoading] -Nutz Version : 1.r.65 
2018-02-22 10:09:48,996 [// - ?] INFO  [org.nutz.mvc.impl.NutLoading] -Nutz.Mvc[org.nutz.mvc.NutFilter-3567135c] is initializing ...
2018-02-22 10:09:49,017 [// - ?] INFO  [org.nutz.mvc.config.AbstractNutConfig] -/WEB-INF/ not Found?!
2018-02-22 10:09:49,099 [// - ?] INFO  [org.nutz.ioc.loader.annotation.AnnotationIocLoader] - > scan 'li.bryt.tools.activiti_image_server'
2018-02-22 10:09:49,109 [// - ?] INFO  [org.nutz.ioc.loader.annotation.AnnotationIocLoader] -   > add 'mainSetup                               ' - li.bryt.tools.activiti_image_server.MainSetup
2018-02-22 10:09:49,112 [// - ?] INFO  [org.nutz.ioc.loader.annotation.AnnotationIocLoader] -   > add 'fooModule                               ' - li.bryt.tools.activiti_image_server.modules.FooModule
2018-02-22 10:09:49,112 [// - ?] INFO  [org.nutz.ioc.loader.annotation.AnnotationIocLoader] -   > add 'mainModule                              ' - li.bryt.tools.activiti_image_server.modules.MainModule
2018-02-22 10:09:49,113 [// - ?] INFO  [org.nutz.ioc.loader.annotation.AnnotationIocLoader] -   > add 'applicationService                      ' - li.bryt.tools.activiti_image_server.services.ApplicationService
2018-02-22 10:09:49,114 [// - ?] INFO  [org.nutz.ioc.loader.annotation.AnnotationIocLoader] -   > add 'applicationServiceTest                  ' - li.bryt.tools.activiti_image_server.services.ApplicationServiceTest
2018-02-22 10:09:49,118 [// - ?] INFO  [org.nutz.ioc.impl.NutIoc] -... NutIoc init complete
2018-02-22 10:09:49,121 [// - ?] INFO  [org.nutz.mvc.impl.NutLoading] -Build URL mapping by org.nutz.mvc.impl.UrlMappingImpl ...
2018-02-22 10:09:49,165 [// - ?] INFO  [org.nutz.mvc.impl.NutActionChainMaker] -Optional processor class not found, disabled : org.nutz.integration.shiro.NutShiroProcessor
2018-02-22 10:09:49,174 [// - ?] INFO  [org.nutz.mvc.impl.NutActionChainMaker] -Optional processor class not found, disabled : org.nutz.plugins.validation.ValidationProcessor
2018-02-22 10:09:49,188 [// - ?] INFO  [org.nutz.mvc.impl.NutLoading] -Found 2 module methods
2018-02-22 10:09:49,189 [// - ?] INFO  [org.nutz.mvc.impl.NutLoading] -Setup application...
2018-02-22 10:09:49,295 [// - ?] WARN  [org.nutz.ioc.impl.PropertiesProxy] -Could not load resource from conf/application-prod.properties: folder or file like '^.+[.]properties$' no found in conf/application-prod.properties
2018-02-22 10:09:49,296 [// - ?] WARN  [org.nutz.ioc.impl.PropertiesProxy] -Could not load resource from conf/application-staging.properties: folder or file like '^.+[.]properties$' no found in conf/application-staging.properties
2018-02-22 10:09:49,308 [// - ?] WARN  [org.nutz.ioc.impl.PropertiesProxy] -Could not load resource from conf/application-dev.properties: folder or file like '^.+[.]properties$' no found in conf/application-dev.properties
2018-02-22 10:09:49,315 [// - ?] INFO  [li.bryt.tools.activiti_image_server.services.ApplicationService] -init
2018-02-22 10:09:49,315 [// - ?] INFO  [org.nutz.mvc.impl.NutLoading] -Nutz.Mvc[org.nutz.mvc.NutFilter-3567135c] is up in 298ms
2018-02-22 10:09:49,381 [// - ?] INFO  [org.nutz.mvc.impl.NutLoading] -Nutz.Mvc[org.nutz.mvc.NutFilter-3567135c] is deposing ...
2018-02-22 10:09:49,382 [// - ?] INFO  [li.bryt.tools.activiti_image_server.services.ApplicationService] -destroy
2018-02-22 10:09:49,387 [// - ?] INFO  [org.nutz.ioc.impl.NutIoc] -org.nutz.ioc.impl.NutIoc@752316209 is closing. startup date [18-02-22 10:09:49.116]
2018-02-22 10:09:49,388 [// - ?] INFO  [org.nutz.ioc.impl.NutIoc] -org.nutz.ioc.impl.NutIoc@752316209 is deposed. startup date [18-02-22 10:09:49.116]
2018-02-22 10:09:49,388 [// - ?] INFO  [org.nutz.mvc.impl.NutLoading] -Nutz.Mvc[org.nutz.mvc.NutFilter-3567135c] is down in 6ms
2018-02-22 10:09:49,442 [// - ?] INFO  [org.nutz.mvc.NutFilter] -NutFilter[org.nutz.mvc.NutFilter-7a8c8dcf] starting ...
2018-02-22 10:09:49,442 [// - ?] INFO  [org.nutz.mvc.impl.NutLoading] -Nutz Version : 1.r.65 
2018-02-22 10:09:49,443 [// - ?] INFO  [org.nutz.mvc.impl.NutLoading] -Nutz.Mvc[org.nutz.mvc.NutFilter-7a8c8dcf] is initializing ...
2018-02-22 10:09:49,444 [// - ?] INFO  [org.nutz.mvc.config.AbstractNutConfig] -/WEB-INF/ not Found?!
2018-02-22 10:09:49,451 [// - ?] INFO  [org.nutz.ioc.loader.annotation.AnnotationIocLoader] - > scan 'li.bryt.tools.activiti_image_server'
2018-02-22 10:09:49,456 [// - ?] INFO  [org.nutz.ioc.loader.annotation.AnnotationIocLoader] -   > add 'mainSetup                               ' - li.bryt.tools.activiti_image_server.MainSetup
2018-02-22 10:09:49,457 [// - ?] INFO  [org.nutz.ioc.loader.annotation.AnnotationIocLoader] -   > add 'fooModule                               ' - li.bryt.tools.activiti_image_server.modules.FooModule
2018-02-22 10:09:49,457 [// - ?] INFO  [org.nutz.ioc.loader.annotation.AnnotationIocLoader] -   > add 'mainModule                              ' - li.bryt.tools.activiti_image_server.modules.MainModule
2018-02-22 10:09:49,457 [// - ?] INFO  [org.nutz.ioc.loader.annotation.AnnotationIocLoader] -   > add 'applicationService                      ' - li.bryt.tools.activiti_image_server.services.ApplicationService
2018-02-22 10:09:49,457 [// - ?] INFO  [org.nutz.ioc.loader.annotation.AnnotationIocLoader] -   > add 'applicationServiceTest                  ' - li.bryt.tools.activiti_image_server.services.ApplicationServiceTest
2018-02-22 10:09:49,457 [// - ?] INFO  [org.nutz.ioc.impl.NutIoc] -... NutIoc init complete
2018-02-22 10:09:49,457 [// - ?] INFO  [org.nutz.mvc.impl.NutLoading] -Build URL mapping by org.nutz.mvc.impl.UrlMappingImpl ...
2018-02-22 10:09:49,463 [// - ?] INFO  [org.nutz.mvc.impl.NutActionChainMaker] -Optional processor class not found, disabled : org.nutz.integration.shiro.NutShiroProcessor
2018-02-22 10:09:49,463 [// - ?] INFO  [org.nutz.mvc.impl.NutActionChainMaker] -Optional processor class not found, disabled : org.nutz.plugins.validation.ValidationProcessor
2018-02-22 10:09:49,465 [// - ?] INFO  [org.nutz.mvc.impl.NutLoading] -Found 2 module methods
2018-02-22 10:09:49,465 [// - ?] INFO  [org.nutz.mvc.impl.NutLoading] -Setup application...
2018-02-22 10:09:49,471 [// - ?] WARN  [org.nutz.ioc.impl.PropertiesProxy] -Could not load resource from conf/application-prod.properties: folder or file like '^.+[.]properties$' no found in conf/application-prod.properties
2018-02-22 10:09:49,472 [// - ?] WARN  [org.nutz.ioc.impl.PropertiesProxy] -Could not load resource from conf/application-staging.properties: folder or file like '^.+[.]properties$' no found in conf/application-staging.properties
2018-02-22 10:09:49,473 [// - ?] WARN  [org.nutz.ioc.impl.PropertiesProxy] -Could not load resource from conf/application-dev.properties: folder or file like '^.+[.]properties$' no found in conf/application-dev.properties
2018-02-22 10:09:49,474 [// - ?] INFO  [li.bryt.tools.activiti_image_server.services.ApplicationService] -init
2018-02-22 10:09:49,474 [// - ?] INFO  [org.nutz.mvc.impl.NutLoading] -Nutz.Mvc[org.nutz.mvc.NutFilter-7a8c8dcf] is up in 30ms
2018-02-22 10:09:49,484 [// - ?] INFO  [org.nutz.mvc.impl.NutLoading] -Nutz.Mvc[org.nutz.mvc.NutFilter-7a8c8dcf] is deposing ...
2018-02-22 10:09:49,484 [// - ?] INFO  [li.bryt.tools.activiti_image_server.services.ApplicationService] -destroy
2018-02-22 10:09:49,484 [// - ?] INFO  [org.nutz.ioc.impl.NutIoc] -org.nutz.ioc.impl.NutIoc@593687897 is closing. startup date [18-02-22 10:09:49.457]
2018-02-22 10:09:49,484 [// - ?] INFO  [org.nutz.ioc.impl.NutIoc] -org.nutz.ioc.impl.NutIoc@593687897 is deposed. startup date [18-02-22 10:09:49.457]
2018-02-22 10:09:49,485 [// - ?] INFO  [org.nutz.mvc.impl.NutLoading] -Nutz.Mvc[org.nutz.mvc.NutFilter-7a8c8dcf] is down in 0ms
2018-02-22 10:09:49,538 [// - ?] INFO  [org.nutz.ioc.loader.annotation.AnnotationIocLoader] - > scan 'li.bryt.tools.activiti_image_server'
2018-02-22 10:09:49,541 [// - ?] INFO  [org.nutz.ioc.loader.annotation.AnnotationIocLoader] -   > add 'mainSetup                               ' - li.bryt.tools.activiti_image_server.MainSetup
2018-02-22 10:09:49,541 [// - ?] INFO  [org.nutz.ioc.loader.annotation.AnnotationIocLoader] -   > add 'fooModule                               ' - li.bryt.tools.activiti_image_server.modules.FooModule
2018-02-22 10:09:49,541 [// - ?] INFO  [org.nutz.ioc.loader.annotation.AnnotationIocLoader] -   > add 'mainModule                              ' - li.bryt.tools.activiti_image_server.modules.MainModule
2018-02-22 10:09:49,542 [// - ?] INFO  [org.nutz.ioc.loader.annotation.AnnotationIocLoader] -   > add 'applicationService                      ' - li.bryt.tools.activiti_image_server.services.ApplicationService
2018-02-22 10:09:49,542 [// - ?] INFO  [org.nutz.ioc.loader.annotation.AnnotationIocLoader] -   > add 'applicationServiceTest                  ' - li.bryt.tools.activiti_image_server.services.ApplicationServiceTest
2018-02-22 10:09:49,542 [// - ?] INFO  [org.nutz.ioc.impl.NutIoc] -... NutIoc init complete
2018-02-22 10:09:49,574 [// - ?] WARN  [org.nutz.ioc.impl.PropertiesProxy] -Could not load resource from conf/application-prod.properties: folder or file like '^.+[.]properties$' no found in conf/application-prod.properties
2018-02-22 10:09:49,576 [// - ?] WARN  [org.nutz.ioc.impl.PropertiesProxy] -Could not load resource from conf/application-staging.properties: folder or file like '^.+[.]properties$' no found in conf/application-staging.properties
2018-02-22 10:09:49,578 [// - ?] WARN  [org.nutz.ioc.impl.PropertiesProxy] -Could not load resource from conf/application-dev.properties: folder or file like '^.+[.]properties$' no found in conf/application-dev.properties
2018-02-22 10:09:49,580 [// - ?] INFO  [org.nutz.ioc.impl.NutIoc] -org.nutz.ioc.impl.NutIoc@187472540 is closing. startup date [18-02-22 10:09:49.542]
2018-02-22 10:09:49,581 [// - ?] INFO  [org.nutz.ioc.impl.NutIoc] -org.nutz.ioc.impl.NutIoc@187472540 is deposed. startup date [18-02-22 10:09:49.542]
